{
  "RSpec": {
    "coverage": {
      "/home/sudharsan.v/Documents/vehicle_booking_web_app/app/controllers/application_controller.rb": {
        "lines": [
          1,
          1,
          null,
          1,
          null,
          1,
          0,
          0,
          0,
          0,
          null,
          0,
          null,
          null,
          null,
          1,
          0,
          0,
          0,
          null,
          0,
          null,
          null,
          null,
          null
        ]
      },
      "/home/sudharsan.v/Documents/vehicle_booking_web_app/app/models/admin_user.rb": {
        "lines": [
          1,
          null,
          null,
          1,
          null,
          1,
          1,
          null,
          null
        ]
      },
      "/home/sudharsan.v/Documents/vehicle_booking_web_app/app/models/application_record.rb": {
        "lines": [
          1,
          1,
          null
        ]
      },
      "/home/sudharsan.v/Documents/vehicle_booking_web_app/app/admin/admin_users.rb": {
        "lines": [
          1,
          null,
          1,
          null,
          1,
          1,
          1,
          1,
          null,
          1,
          0,
          0,
          0,
          0,
          0,
          0,
          0,
          null,
          null,
          null,
          1,
          0,
          0,
          0,
          0,
          null,
          0,
          null,
          null,
          null
        ]
      },
      "/home/sudharsan.v/Documents/vehicle_booking_web_app/app/admin/bookings.rb": {
        "lines": [
          1,
          1,
          null,
          1,
          1,
          1,
          1,
          1,
          null,
          1,
          null,
          null,
          0,
          null,
          1,
          null,
          0,
          null,
          1,
          1,
          1,
          1,
          1,
          1,
          1,
          1,
          1,
          null,
          1,
          null,
          null,
          0,
          null,
          1,
          null,
          null,
          null,
          null,
          1,
          0,
          0,
          0,
          0,
          0,
          0,
          0,
          0,
          0,
          0,
          0,
          null,
          null,
          1,
          0,
          0,
          0,
          0,
          0,
          0,
          0,
          0,
          0,
          0,
          0,
          0,
          0,
          0,
          0,
          0,
          null,
          null,
          null,
          1,
          0,
          0,
          0,
          0,
          0,
          0,
          0,
          0,
          0,
          0,
          0,
          0,
          null,
          0,
          null,
          null,
          1,
          1,
          0,
          null,
          null,
          null
        ]
      },
      "/home/sudharsan.v/Documents/vehicle_booking_web_app/app/models/booking.rb": {
        "lines": [
          1,
          1,
          null,
          1,
          1,
          1,
          1,
          1,
          null,
          1,
          1,
          1,
          null,
          1,
          null,
          null,
          2,
          20,
          3,
          22,
          2,
          2,
          null,
          null,
          1,
          1,
          null,
          1,
          1,
          null,
          null,
          1,
          1,
          null,
          null,
          null,
          1,
          1,
          null,
          null,
          1,
          2,
          null,
          null,
          1,
          null,
          null,
          1,
          137,
          4,
          133,
          1,
          null,
          null,
          null,
          null,
          1,
          137,
          6,
          131,
          1,
          null,
          null,
          null,
          null,
          null,
          null,
          null,
          1,
          132,
          131,
          1,
          null,
          null,
          null,
          1,
          3,
          3,
          null,
          null,
          null,
          null,
          null,
          null,
          1,
          4,
          null,
          null,
          null
        ]
      },
      "/home/sudharsan.v/Documents/vehicle_booking_web_app/app/admin/dashboard.rb": {
        "lines": [
          null,
          1,
          1,
          null,
          1,
          0,
          0,
          0,
          0,
          null,
          null,
          null,
          null,
          null,
          null,
          null,
          null,
          null,
          null,
          null,
          null,
          null,
          null,
          null,
          null,
          null,
          null,
          null,
          null,
          null,
          null,
          null,
          null
        ]
      },
      "/home/sudharsan.v/Documents/vehicle_booking_web_app/app/admin/payment.rb": {
        "lines": [
          1,
          1,
          null,
          1,
          1,
          1,
          null,
          1,
          null,
          null,
          null,
          0,
          null,
          null,
          1,
          null,
          null,
          null,
          0,
          null,
          null,
          1,
          1,
          1,
          1,
          1,
          1,
          null,
          1,
          1,
          1,
          1,
          null,
          1,
          0,
          0,
          0,
          0,
          0,
          0,
          0,
          null,
          null,
          1,
          0,
          0,
          0,
          0,
          null,
          0,
          null,
          null,
          1,
          1,
          0,
          null,
          null,
          null
        ]
      },
      "/home/sudharsan.v/Documents/vehicle_booking_web_app/app/models/payment.rb": {
        "lines": [
          1,
          1,
          null,
          1,
          1,
          null,
          3,
          3,
          3,
          null,
          1,
          null,
          1,
          1,
          null,
          null,
          1,
          1,
          null,
          null,
          1,
          null,
          1,
          18,
          null,
          null,
          null
        ]
      },
      "/home/sudharsan.v/Documents/vehicle_booking_web_app/app/admin/rating.rb": {
        "lines": [
          1,
          1,
          null,
          1,
          1,
          1,
          null,
          1,
          1,
          1,
          1,
          1,
          null,
          null,
          1,
          0,
          0,
          0,
          0,
          0,
          0,
          0,
          0,
          0,
          0,
          null,
          null,
          null,
          1,
          0,
          0,
          0,
          0,
          0,
          0,
          null,
          0,
          null
        ]
      },
      "/home/sudharsan.v/Documents/vehicle_booking_web_app/app/models/rating.rb": {
        "lines": [
          1,
          1,
          null,
          1,
          1,
          null,
          1,
          1,
          null,
          2,
          2,
          null,
          1,
          null,
          1,
          1,
          null,
          null,
          1,
          1,
          null,
          null,
          1,
          null,
          1,
          34,
          1,
          33,
          1,
          null,
          null,
          null,
          null,
          1,
          34,
          1,
          33,
          1,
          null,
          null,
          null,
          null,
          1,
          30,
          null,
          30,
          null,
          null,
          null,
          null,
          null,
          null
        ]
      },
      "/home/sudharsan.v/Documents/vehicle_booking_web_app/app/admin/reward.rb": {
        "lines": [
          1,
          null,
          1,
          null,
          1,
          null,
          1,
          1,
          1,
          1,
          null,
          null,
          1,
          0,
          0,
          0,
          0,
          0,
          0,
          0,
          null,
          null,
          null,
          1,
          0,
          0,
          0,
          0,
          null,
          0,
          null,
          null
        ]
      },
      "/home/sudharsan.v/Documents/vehicle_booking_web_app/app/models/reward.rb": {
        "lines": [
          1,
          1,
          null,
          1,
          1,
          null,
          2,
          3,
          3,
          null,
          1,
          null,
          1,
          1,
          null,
          null,
          1,
          1,
          null,
          null,
          1,
          null,
          1,
          231,
          null,
          null,
          null
        ]
      },
      "/home/sudharsan.v/Documents/vehicle_booking_web_app/app/admin/tags.rb": {
        "lines": [
          1,
          null,
          1,
          null,
          1,
          null,
          1,
          1,
          null,
          1,
          0,
          0,
          0,
          0,
          0,
          null,
          null,
          1,
          0,
          0,
          null,
          0,
          null
        ]
      },
      "/home/sudharsan.v/Documents/vehicle_booking_web_app/app/models/tag.rb": {
        "lines": [
          1,
          1,
          null,
          1,
          null,
          3,
          2,
          null,
          1,
          null,
          1,
          1,
          null,
          null,
          1,
          1,
          null,
          null,
          null,
          1,
          null,
          1,
          15,
          null,
          null,
          null,
          null
        ]
      },
      "/home/sudharsan.v/Documents/vehicle_booking_web_app/app/admin/users.rb": {
        "lines": [
          1,
          null,
          1,
          null,
          1,
          1,
          1,
          null,
          1,
          1,
          1,
          1,
          1,
          1,
          null,
          null,
          1,
          0,
          0,
          0,
          0,
          0,
          0,
          0,
          0,
          null,
          0,
          null,
          0,
          null,
          0,
          null,
          null,
          0,
          0,
          null,
          null,
          1,
          0,
          0,
          0,
          0,
          0,
          0,
          0,
          0,
          0,
          0,
          0,
          null,
          null,
          null,
          null,
          1,
          0,
          0,
          0,
          0,
          0,
          0,
          null,
          0,
          null,
          null,
          null
        ]
      },
      "/home/sudharsan.v/Documents/vehicle_booking_web_app/app/models/user.rb": {
        "lines": [
          1,
          1,
          null,
          1,
          null,
          null,
          null,
          1,
          1,
          1,
          1,
          null,
          1,
          1,
          1,
          1,
          1,
          null,
          3,
          3,
          3,
          null,
          1,
          1,
          null,
          null,
          1,
          1,
          null,
          null,
          1,
          1,
          null,
          null,
          1,
          1,
          1,
          1,
          1,
          null,
          null,
          null,
          null,
          1,
          2,
          null,
          null,
          1,
          254,
          null,
          null,
          1,
          1,
          null,
          null,
          1,
          null,
          1,
          260,
          3,
          null,
          null,
          260,
          260,
          null,
          null,
          1,
          252,
          181,
          null,
          null,
          1,
          260,
          null,
          259,
          2,
          null,
          null,
          null,
          1,
          260,
          2,
          null,
          null,
          null
        ]
      },
      "/home/sudharsan.v/Documents/vehicle_booking_web_app/app/admin/vehicles.rb": {
        "lines": [
          1,
          null,
          1,
          null,
          1,
          1,
          1,
          1,
          1,
          null,
          1,
          1,
          1,
          1,
          1,
          1,
          null,
          1,
          0,
          0,
          0,
          0,
          0,
          0,
          0,
          null,
          null,
          1,
          0,
          0,
          0,
          0,
          0,
          0,
          0,
          0,
          null,
          null,
          null,
          1,
          0,
          0,
          0,
          0,
          0,
          null,
          0,
          null,
          null
        ]
      },
      "/home/sudharsan.v/Documents/vehicle_booking_web_app/app/models/vehicle.rb": {
        "lines": [
          1,
          1,
          null,
          1,
          1,
          1,
          1,
          1,
          null,
          1,
          1,
          1,
          1,
          null,
          null,
          4,
          3,
          8,
          3,
          null,
          null,
          null,
          1,
          null,
          null,
          1,
          1,
          null,
          null,
          1,
          1,
          null,
          null,
          1,
          6,
          null,
          null,
          1,
          4,
          null,
          null,
          1,
          14,
          null,
          null,
          null,
          1,
          null,
          1,
          232,
          7,
          225,
          1,
          null,
          null,
          null,
          1,
          232,
          8,
          224,
          1,
          223,
          1,
          null,
          null,
          null,
          null,
          1,
          7,
          null,
          null,
          null,
          null,
          null,
          null,
          null,
          null,
          null
        ]
      },
      "/home/sudharsan.v/Documents/vehicle_booking_web_app/app/controllers/bookings_controller.rb": {
        "lines": [
          1,
          null,
          1,
          1,
          null,
          1,
          1,
          1,
          null,
          null,
          1,
          2,
          2,
          2,
          null,
          null,
          1,
          2,
          2,
          1,
          1,
          null,
          1,
          1,
          null,
          null,
          null,
          1,
          2,
          1,
          1,
          null,
          1,
          null,
          2,
          null,
          null,
          1,
          3,
          1,
          2,
          1,
          null,
          1,
          null,
          3,
          null,
          null,
          1,
          2,
          1,
          null,
          1,
          null,
          2,
          null,
          null,
          1,
          1,
          1,
          1,
          null,
          null,
          1,
          1,
          1,
          1,
          null,
          null,
          1,
          1,
          1,
          1,
          null,
          null,
          1,
          1,
          1,
          null,
          null,
          1,
          1,
          null,
          null,
          1,
          1,
          null,
          null,
          1,
          1,
          null,
          null,
          null,
          1,
          null,
          1,
          2,
          null,
          null,
          1,
          6,
          null,
          null,
          1,
          11,
          11,
          1,
          1,
          null,
          null,
          null
        ]
      },
      "/home/sudharsan.v/Documents/vehicle_booking_web_app/app/controllers/vehicles_controller.rb": {
        "lines": [
          1,
          null,
          1,
          1,
          null,
          1,
          3,
          3,
          3,
          null,
          3,
          1,
          1,
          1,
          null,
          1,
          null,
          2,
          2,
          2,
          2,
          null,
          null,
          null,
          null,
          1,
          1,
          null,
          null,
          1,
          3,
          3,
          null,
          3,
          2,
          2,
          null,
          1,
          null,
          null,
          null,
          1,
          null,
          null,
          1,
          2,
          1,
          1,
          null,
          1,
          null,
          null,
          null,
          1,
          2,
          1,
          null,
          1,
          1,
          1,
          null,
          null,
          null,
          1,
          6,
          6,
          null,
          6,
          null,
          6,
          1,
          null,
          null,
          6,
          1,
          null,
          null,
          6,
          1,
          null,
          null,
          6,
          6,
          null,
          null,
          6,
          null,
          null,
          null,
          1,
          1,
          null,
          null,
          1,
          1,
          null,
          null,
          1,
          null,
          1,
          7,
          null,
          null,
          1,
          9,
          null,
          null,
          1,
          5,
          null,
          null
        ]
      },
      "/home/sudharsan.v/Documents/vehicle_booking_web_app/app/models/customer.rb": {
        "lines": [
          1,
          1,
          null,
          1,
          1,
          1,
          1,
          null,
          1,
          null,
          3,
          2,
          null,
          1,
          null,
          1,
          1,
          null,
          null,
          null,
          1,
          1,
          null,
          null,
          1,
          1,
          null,
          null,
          null,
          null,
          1,
          2,
          null,
          null,
          1,
          null,
          1,
          187,
          null,
          null,
          null
        ]
      },
      "/home/sudharsan.v/Documents/vehicle_booking_web_app/app/models/driver.rb": {
        "lines": [
          1,
          1,
          null,
          1,
          1,
          1,
          null,
          1,
          null,
          3,
          2,
          null,
          1,
          null,
          1,
          1,
          null,
          null,
          1,
          1,
          null,
          null,
          1,
          18,
          null,
          null,
          null,
          1,
          null,
          1,
          230,
          null,
          null,
          null
        ]
      },
      "/home/sudharsan.v/Documents/vehicle_booking_web_app/app/controllers/api/v1/bookings_controller.rb": {
        "lines": [
          1,
          null,
          1,
          1,
          1,
          1,
          null,
          1,
          8,
          2,
          6,
          6,
          3,
          3,
          3,
          3,
          null,
          null,
          null,
          8,
          null,
          null,
          1,
          2,
          null,
          null,
          1,
          8,
          null,
          6,
          6,
          6,
          3,
          null,
          3,
          null,
          null,
          null,
          1,
          5,
          null,
          4,
          2,
          null,
          2,
          null,
          null,
          null,
          1,
          6,
          2,
          4,
          4,
          4,
          null,
          6,
          null,
          null,
          null,
          1,
          null,
          4,
          2,
          2,
          2,
          2,
          null,
          4,
          null,
          null,
          null,
          1,
          5,
          null,
          4,
          4,
          null,
          null,
          null,
          1,
          null,
          1,
          30,
          2,
          null,
          null,
          null,
          1,
          40,
          38,
          null,
          null,
          null,
          1,
          14,
          14,
          null,
          14,
          1,
          13,
          10,
          10,
          null,
          null,
          null,
          1,
          6,
          null,
          null,
          1,
          4,
          null,
          null
        ]
      },
      "/home/sudharsan.v/Documents/vehicle_booking_web_app/app/controllers/api/base_controller.rb": {
        "lines": [
          1,
          1,
          null,
          1,
          null,
          null,
          1,
          267,
          267,
          null,
          259,
          null,
          null,
          1,
          333,
          null,
          null,
          1,
          39,
          null,
          null,
          1,
          60,
          null,
          null,
          1,
          6,
          null,
          null,
          null
        ]
      },
      "/home/sudharsan.v/Documents/vehicle_booking_web_app/app/controllers/api/v1/vehicles_controller.rb": {
        "lines": [
          1,
          null,
          1,
          1,
          1,
          1,
          null,
          1,
          5,
          5,
          2,
          3,
          2,
          1,
          1,
          1,
          null,
          null,
          1,
          null,
          null,
          4,
          null,
          null,
          1,
          2,
          null,
          null,
          1,
          7,
          null,
          7,
          2,
          null,
          5,
          null,
          null,
          null,
          1,
          1,
          1,
          null,
          null,
          1,
          4,
          2,
          null,
          2,
          null,
          null,
          null,
          null,
          1,
          3,
          3,
          null,
          null,
          1,
          6,
          6,
          null,
          6,
          null,
          null,
          1,
          12,
          2,
          null,
          null,
          10,
          null,
          10,
          8,
          null,
          2,
          null,
          null,
          null,
          1,
          null,
          1,
          18,
          2,
          null,
          null,
          null,
          1,
          12,
          null,
          null,
          null,
          null,
          1,
          16,
          12,
          null,
          4,
          null,
          null,
          null,
          1,
          26,
          13,
          13,
          null,
          13,
          13,
          null,
          null,
          null,
          1,
          11,
          null,
          null,
          null
        ]
      },
      "/home/sudharsan.v/Documents/vehicle_booking_web_app/app/services/booking_create_service.rb": {
        "lines": [
          1,
          1,
          2,
          2,
          null,
          null,
          1,
          2,
          2,
          2,
          2,
          2,
          null,
          null
        ]
      },
      "/home/sudharsan.v/Documents/vehicle_booking_web_app/app/services/booking_negotiation_service.rb": {
        "lines": [
          1,
          1,
          0,
          0,
          null,
          0,
          null,
          null,
          1,
          0,
          0,
          null,
          0,
          null,
          null,
          null,
          null,
          null,
          null
        ]
      },
      "/home/sudharsan.v/Documents/vehicle_booking_web_app/app/services/booking_status_service.rb": {
        "lines": [
          1,
          1,
          0,
          null,
          null,
          1,
          0,
          null,
          null,
          1,
          0,
          null,
          null
        ]
      },
      "/home/sudharsan.v/Documents/vehicle_booking_web_app/app/services/vehicle_creation_service.rb": {
        "lines": [
          1,
          1,
          3,
          3,
          3,
          null,
          null,
          1,
          0,
          0,
          0,
          0,
          0,
          null,
          null,
          1,
          null,
          1,
          0,
          0,
          0,
          null,
          null
        ]
      },
      "/home/sudharsan.v/Documents/vehicle_booking_web_app/app/channels/application_cable/channel.rb": {
        "lines": [
          0,
          0,
          0,
          0
        ],
        "branches": {}
      },
      "/home/sudharsan.v/Documents/vehicle_booking_web_app/app/channels/application_cable/connection.rb": {
        "lines": [
          0,
          0,
          0,
          0
        ],
        "branches": {}
      },
      "/home/sudharsan.v/Documents/vehicle_booking_web_app/app/controllers/payments_controller.rb": {
        "lines": [
          0,
          null,
          0,
          null,
          0,
          0,
          0,
          null,
          0,
          0,
          0,
          null,
          0,
          0,
          0,
          0,
          0,
          0,
          null,
          0,
          null,
          0,
          0,
          0,
          null,
          0,
          0,
          0,
          0
        ],
        "branches": {}
      },
      "/home/sudharsan.v/Documents/vehicle_booking_web_app/app/controllers/ratings_controller.rb": {
        "lines": [
          0,
          null,
          0,
          0,
          0,
          null,
          0,
          0,
          0,
          0,
          0,
          0,
          null,
          0,
          0,
          0,
          null,
          0,
          0,
          0,
          0,
          0,
          0,
          0,
          null,
          0,
          0,
          null,
          0,
          0,
          0,
          0,
          0,
          0,
          0,
          0,
          null,
          0,
          0,
          0,
          0,
          0,
          null,
          0,
          null,
          0,
          0,
          0,
          null,
          0,
          0,
          0,
          null,
          0,
          0,
          0,
          0,
          0,
          null,
          0,
          0,
          0,
          0
        ],
        "branches": {}
      },
      "/home/sudharsan.v/Documents/vehicle_booking_web_app/app/controllers/rewards_controller.rb": {
        "lines": [
          0,
          0,
          0,
          null,
          0,
          0,
          0,
          0,
          0,
          0,
          null,
          0
        ],
        "branches": {}
      },
      "/home/sudharsan.v/Documents/vehicle_booking_web_app/app/controllers/users/omniauth_callbacks_controller.rb": {
        "lines": [
          0,
          0,
          0,
          null,
          0,
          0,
          0,
          0,
          0,
          0,
          0,
          0,
          null,
          0,
          0,
          0,
          0
        ],
        "branches": {}
      },
      "/home/sudharsan.v/Documents/vehicle_booking_web_app/app/controllers/users/registrations_controller.rb": {
        "lines": [
          0,
          0,
          null,
          0,
          0,
          null,
          0,
          0,
          0,
          0,
          null,
          0,
          null,
          0,
          0,
          0,
          0,
          null,
          0,
          0,
          0,
          null,
          0,
          0,
          0,
          0,
          0,
          0,
          0,
          0,
          null,
          0,
          0,
          0,
          0,
          0,
          0,
          0,
          null,
          0,
          0,
          0,
          0,
          null,
          0,
          0,
          0,
          0,
          0,
          0,
          0,
          0,
          0,
          null,
          null,
          0,
          null,
          0,
          0,
          0,
          null,
          0,
          0,
          0,
          null,
          0,
          0,
          0,
          0,
          0
        ],
        "branches": {}
      },
      "/home/sudharsan.v/Documents/vehicle_booking_web_app/app/controllers/users/sessions_controller.rb": {
        "lines": [
          0,
          0,
          0,
          0,
          null,
          0,
          0,
          0,
          null,
          0,
          0,
          0,
          0,
          null,
          0,
          0,
          0,
          0,
          0,
          0,
          0,
          0,
          0,
          0
        ],
        "branches": {}
      },
      "/home/sudharsan.v/Documents/vehicle_booking_web_app/app/controllers/users_controller.rb": {
        "lines": [
          0,
          null,
          0,
          null,
          0,
          0,
          0,
          0,
          0,
          null,
          0,
          0,
          0,
          null,
          0,
          0,
          0,
          0,
          null,
          0,
          0,
          0,
          null,
          0,
          0,
          0,
          0,
          0,
          0,
          0,
          0,
          0,
          0,
          0,
          null,
          0,
          0,
          0,
          0,
          0,
          null,
          0,
          0,
          null,
          0,
          0,
          null,
          0,
          0,
          0,
          0,
          0,
          0,
          0,
          null,
          0,
          0,
          0,
          0,
          0,
          0,
          null,
          null,
          0,
          0,
          0,
          0,
          0,
          0,
          null,
          0,
          null,
          0,
          0,
          0,
          null,
          0,
          0,
          0,
          null,
          0
        ],
        "branches": {}
      },
      "/home/sudharsan.v/Documents/vehicle_booking_web_app/app/jobs/application_job.rb": {
        "lines": [
          0,
          null,
          null,
          null,
          null,
          null,
          0
        ],
        "branches": {}
      },
      "/home/sudharsan.v/Documents/vehicle_booking_web_app/app/mailers/application_mailer.rb": {
        "lines": [
          0,
          0,
          0,
          0
        ],
        "branches": {}
      }
    },
    "timestamp": 1752577931
  }
}
